10:21:03.718 [main] DEBUG - Save content types part
10:21:03.739 [main] DEBUG - Save package relationships
10:21:03.741 [main] DEBUG - Save part 'docProps/app.xml'
10:21:03.742 [main] DEBUG - Save part 'docProps/core.xml'
10:21:03.744 [main] DEBUG - Save part 'xl/printerSettings/printerSettings1.bin'
10:21:03.745 [main] DEBUG - Save part 'xl/printerSettings/printerSettings2.bin'
10:21:03.745 [main] DEBUG - Save part 'xl/sharedStrings.xml'
10:21:03.746 [main] DEBUG - Save part 'xl/styles.xml'
10:21:03.746 [main] DEBUG - Save part 'xl/theme/theme1.xml'
10:21:03.747 [main] DEBUG - Save part 'xl/workbook.xml'
10:21:03.750 [main] DEBUG - Save part 'xl/worksheets/sheet1.xml'
10:21:03.752 [main] DEBUG - Save part 'xl/worksheets/sheet2.xml'
10:21:03.755 [main] DEBUG - Save part 'xl/worksheets/sheet3.xml'
10:25:32.854 [main] INFO  - Opening chrome browser...
10:25:32.909 [main] INFO  - Navigating to Where2Go page...
10:25:50.048 [main] INFO  - Verifying Where2Go page...
10:25:50.344 [main] INFO  - Clicking on Trekking Hotspots...
10:26:18.521 [main] INFO  - Verifying Trekking Page...
10:26:18.805 [main] INFO  - Selecting Chennai City...
10:26:22.847 [main] INFO  - Applying Travel Duration to 6 hours...
10:26:26.091 [main] INFO  - Reentering City Name...
10:26:28.770 [main] INFO  - Capturing Trekking Places...
10:26:31.879 [main] DEBUG - Parsing relationship: /xl/_rels/workbook.xml.rels
10:26:31.882 [main] DEBUG - Parsing relationship: /_rels/.rels
10:26:32.079 [main] TRACE - Loading type system org.apache.poi.schemas.ooxml.system.ooxml
10:26:32.082 [main] TRACE - Loading type system org.apache.xmlbeans.metadata.system.sXMLCONFIG
10:26:32.083 [main] TRACE - Loading type system org.apache.xmlbeans.metadata.system.sXMLLANG
10:26:32.084 [main] TRACE - Loading type system org.apache.xmlbeans.metadata.system.sXMLSCHEMA
10:26:32.084 [main] TRACE - Loading type system org.apache.xmlbeans.metadata.system.sXMLTOOLS
10:26:32.086 [main] TRACE - Reading unresolved handles for type system org.apache.xmlbeans.metadata.system.sXMLTOOLS
10:26:32.101 [main] TRACE - Finished loading type system org.apache.xmlbeans.metadata.system.sXMLTOOLS
10:26:32.102 [main] TRACE - Reading unresolved handles for type system org.apache.xmlbeans.metadata.system.sXMLSCHEMA
10:26:32.109 [main] TRACE - Finished loading type system org.apache.xmlbeans.metadata.system.sXMLSCHEMA
10:26:32.111 [main] TRACE - Reading unresolved handles for type system org.apache.xmlbeans.metadata.system.sXMLLANG
10:26:32.112 [main] TRACE - Finished loading type system org.apache.xmlbeans.metadata.system.sXMLLANG
10:26:32.113 [main] TRACE - Reading unresolved handles for type system org.apache.xmlbeans.metadata.system.sXMLCONFIG
10:26:32.114 [main] TRACE - Finished loading type system org.apache.xmlbeans.metadata.system.sXMLCONFIG
10:26:32.115 [main] TRACE - Reading unresolved handles for type system org.apache.poi.schemas.ooxml.system.ooxml
10:26:32.209 [main] TRACE - Finished loading type system org.apache.poi.schemas.ooxml.system.ooxml
10:26:32.210 [main] TRACE - Resolving type for handle themefd26doctype
10:26:32.342 [main] TRACE - Resolving type for handle stylesheet5d8bdoctype
10:26:32.348 [main] TRACE - Resolving type for handle ctstylesheet4257type
10:26:32.355 [main] TRACE - Resolving type for handle ctnumfmtsb58btype
10:26:32.359 [main] TRACE - Resolving type for handle ctfonts6623type
10:26:32.364 [main] TRACE - Resolving type for handle ctfont14d8type
10:26:32.369 [main] TRACE - Resolving type for handle ctfills2c6ftype
10:26:32.372 [main] TRACE - Resolving type for handle ctfill550ctype
10:26:32.376 [main] TRACE - Resolving type for handle ctborders0d66type
10:26:32.379 [main] TRACE - Resolving type for handle ctborderf935type
10:26:32.384 [main] TRACE - Resolving type for handle ctcellxfs1322type
10:26:32.392 [main] TRACE - Resolving type for handle ctxf97f7type
10:26:32.397 [main] TRACE - Resolving type for handle ctcellstylexfsa81ftype
10:26:32.401 [main] TRACE - Resolving type for handle ctdxfsb26atype
10:26:32.405 [main] TRACE - Resolving type for handle cttablestyles872ftype
10:26:32.410 [main] TRACE - Resolving type for handle sstf81fdoctype
10:26:32.419 [main] TRACE - Resolving type for handle ctsst44f3type
10:26:32.446 [main] TRACE - Resolving type for handle ctrsta472type
10:26:32.502 [main] TRACE - Resolving type for handle workbookec17doctype
10:26:32.510 [main] TRACE - Resolving type for handle ctworkbook83c3type
10:26:32.528 [main] TRACE - Resolving type for handle ctsheets49fdtype
10:26:32.538 [main] TRACE - Resolving type for handle ctsheet4dbetype
10:26:32.543 [main] TRACE - Resolving type for handle strelationshipid1e94type
10:26:32.547 [main] TRACE - Resolving type for handle worksheetf539doctype
10:26:32.556 [main] TRACE - Resolving type for handle ctworksheet530dtype
10:26:32.592 [main] TRACE - Resolving type for handle ctcols627ctype
10:26:32.597 [main] TRACE - Resolving type for handle ctcola95ftype
10:26:32.624 [main] TRACE - Resolving type for handle ctsheetdata8408type
10:26:32.630 [main] TRACE - Resolving type for handle ctrowdd39type
10:26:32.642 [main] TRACE - Resolving type for handle ctcell842btype
10:26:32.658 [main] TRACE - Resolving type for handle stcellrefe4e0type
10:26:32.700 [main] TRACE - Resolving type for handle stxstringf179type
10:26:32.724 [main] TRACE - Resolving type for handle stcelltypebf95type
10:26:33.208 [main] TRACE - Resolving type for handle stcellstylexfid70c7type
10:26:33.218 [main] TRACE - Resolving type for handle ctsheetdimensiond310type
10:26:33.220 [main] TRACE - Resolving type for handle stref90a2type
10:26:33.246 [main] TRACE - Resolving type for handle propertiesee84doctype
10:26:33.249 [main] TRACE - Resolving type for handle ctproperties3f10type
10:26:33.260 [main] TRACE - Resolving type for handle properties288cdoctype
10:26:33.262 [main] TRACE - Resolving type for handle ctproperties2c18type
10:26:33.275 [main] DEBUG - Save content types part
10:26:33.345 [main] DEBUG - Save package relationships
10:26:33.348 [main] DEBUG - Save part 'docProps/app.xml'
10:26:33.349 [main] DEBUG - Save part 'docProps/core.xml'
10:26:33.351 [main] DEBUG - Save part 'xl/sharedStrings.xml'
10:26:33.352 [main] DEBUG - Save part 'xl/styles.xml'
10:26:33.352 [main] DEBUG - Save part 'xl/theme/theme1.xml'
10:26:33.353 [main] DEBUG - Save part 'xl/workbook.xml'
10:26:33.354 [main] DEBUG - Save part 'xl/worksheets/sheet1.xml'
10:26:33.355 [main] DEBUG - Save part 'xl/worksheets/sheet2.xml'
10:26:33.601 [main] INFO  - Navigating to HomePage...
10:26:34.328 [main] INFO  - Clicking on Holiday Package...
10:26:35.075 [main] INFO  - Clicking Explore Europe Category...
10:26:36.731 [main] INFO  - Selecting Italy location...
10:26:41.184 [main] INFO  - Verifying Holiday Package Page...
10:26:44.228 [main] INFO  - Closing the popup that appears...
10:26:54.726 [main] INFO  - Choosing All Packages section...
10:26:55.167 [main] INFO  - Scrolling down till all packages are loaded...And capturing them...
10:27:37.876 [main] DEBUG - Parsing relationship: /xl/_rels/workbook.xml.rels
10:27:37.877 [main] DEBUG - Parsing relationship: /_rels/.rels
10:27:40.175 [main] DEBUG - Save content types part
10:27:40.177 [main] DEBUG - Save package relationships
10:27:40.178 [main] DEBUG - Save part 'docProps/app.xml'
10:27:40.178 [main] DEBUG - Save part 'docProps/core.xml'
10:27:40.180 [main] DEBUG - Save part 'xl/sharedStrings.xml'
10:27:40.180 [main] DEBUG - Save part 'xl/styles.xml'
10:27:40.180 [main] DEBUG - Save part 'xl/theme/theme1.xml'
10:27:40.181 [main] DEBUG - Save part 'xl/workbook.xml'
10:27:40.182 [main] DEBUG - Save part 'xl/worksheets/sheet1.xml'
10:27:40.183 [main] DEBUG - Save part 'xl/worksheets/sheet2.xml'
10:27:40.357 [main] INFO  - Navigating to HomePage...
10:28:05.050 [main] INFO  - Opening chrome browser...
10:28:25.210 [main] INFO  - Ad not displayed...Moving forward...
10:28:25.462 [main] INFO  - Navigating to GiftCards Page...
10:28:32.974 [main] INFO  - Selecting Occasions category...
10:28:33.341 [main] INFO  - Navigating to Staycation Giftcard Page...
10:28:47.285 [main] INFO  - Opening chrome browser...
10:28:48.438 [main] INFO  - Ad bypassed...
10:28:48.989 [main] INFO  - Navigating to GiftCards Page...
10:29:03.728 [main] INFO  - Opening chrome browser...
10:29:05.457 [main] INFO  - Ad bypassed...
10:29:06.178 [main] INFO  - Navigating to GiftCards Page...
10:29:22.231 [main] INFO  - Opening chrome browser...
10:29:23.389 [main] INFO  - Ad bypassed...
10:29:23.941 [main] INFO  - Navigating to GiftCards Page...
10:29:36.405 [main] INFO  - Opening chrome browser...
10:29:56.484 [main] INFO  - Ad not displayed...Moving forward...
10:29:56.793 [main] INFO  - Navigating to Cabs Page...
10:29:57.566 [main] INFO  - Filling in from and to locations- Delhi : Manali, Himachal Pradesh, India ...
10:30:03.164 [main] INFO  - Selecting departure - 23 and time - 6:30:PM details...
10:30:09.167 [main] INFO  - Clicking Search...
10:30:12.545 [main] INFO  - Selecting filter - SUV...
10:30:20.362 [main] INFO  - Capturing cab details with lowest charges...
10:30:20.463 [main] DEBUG - Parsing relationship: /xl/_rels/workbook.xml.rels
10:30:20.464 [main] DEBUG - Parsing relationship: /xl/worksheets/_rels/sheet1.xml.rels
10:30:20.464 [main] DEBUG - Parsing relationship: /xl/worksheets/_rels/sheet2.xml.rels
10:30:20.465 [main] DEBUG - Parsing relationship: /xl/worksheets/_rels/sheet3.xml.rels
10:30:20.466 [main] DEBUG - Parsing relationship: /_rels/.rels
10:30:20.482 [main] DEBUG - using default POIXMLDocumentPart for http://schemas.openxmlformats.org/officeDocument/2006/relationships/printerSettings
10:30:20.482 [main] DEBUG - using default POIXMLDocumentPart for http://schemas.openxmlformats.org/officeDocument/2006/relationships/printerSettings
10:30:20.502 [main] TRACE - Resolving type for handle cthyperlinks6416type
10:30:20.507 [main] TRACE - Resolving type for handle cthyperlink0c85type
10:30:20.610 [main] DEBUG - Save content types part
10:30:20.612 [main] DEBUG - Save package relationships
10:30:20.614 [main] DEBUG - Save part 'docProps/app.xml'
10:30:20.615 [main] DEBUG - Save part 'docProps/core.xml'
10:30:20.616 [main] DEBUG - Save part 'xl/printerSettings/printerSettings1.bin'
10:30:20.617 [main] DEBUG - Save part 'xl/printerSettings/printerSettings2.bin'
10:30:20.617 [main] DEBUG - Save part 'xl/sharedStrings.xml'
10:30:20.618 [main] DEBUG - Save part 'xl/styles.xml'
10:30:20.618 [main] DEBUG - Save part 'xl/theme/theme1.xml'
10:30:20.619 [main] DEBUG - Save part 'xl/workbook.xml'
10:30:20.621 [main] DEBUG - Save part 'xl/worksheets/sheet1.xml'
10:30:20.623 [main] DEBUG - Save part 'xl/worksheets/sheet2.xml'
10:30:20.624 [main] DEBUG - Save part 'xl/worksheets/sheet3.xml'
10:30:34.164 [main] INFO  - Opening chrome browser...
10:30:54.230 [main] INFO  - Ad not displayed...Moving forward...
10:30:54.530 [main] INFO  - Navigating to Cabs Page...
10:30:55.158 [main] INFO  - Filling in from and to locations- Hyderabad : Hosur, Tamil Nadu, India ...
10:30:59.691 [main] INFO  - Selecting departure - 15 and time - 7:40:AM details...
10:31:05.568 [main] INFO  - Clicking Search...
10:31:09.088 [main] INFO  - Selecting filter - SEDAN...
10:31:11.307 [main] INFO  - Capturing cab details with lowest charges...
10:31:11.407 [main] DEBUG - Parsing relationship: /xl/_rels/workbook.xml.rels
10:31:11.409 [main] DEBUG - Parsing relationship: /xl/worksheets/_rels/sheet1.xml.rels
10:31:11.411 [main] DEBUG - Parsing relationship: /xl/worksheets/_rels/sheet2.xml.rels
10:31:11.412 [main] DEBUG - Parsing relationship: /xl/worksheets/_rels/sheet3.xml.rels
10:31:11.414 [main] DEBUG - Parsing relationship: /_rels/.rels
10:31:11.433 [main] DEBUG - using default POIXMLDocumentPart for http://schemas.openxmlformats.org/officeDocument/2006/relationships/printerSettings
10:31:11.433 [main] DEBUG - using default POIXMLDocumentPart for http://schemas.openxmlformats.org/officeDocument/2006/relationships/printerSettings
10:31:11.540 [main] DEBUG - Save content types part
10:31:11.544 [main] DEBUG - Save package relationships
10:31:11.546 [main] DEBUG - Save part 'docProps/app.xml'
10:31:11.547 [main] DEBUG - Save part 'docProps/core.xml'
10:31:11.548 [main] DEBUG - Save part 'xl/printerSettings/printerSettings1.bin'
10:31:11.549 [main] DEBUG - Save part 'xl/printerSettings/printerSettings2.bin'
10:31:11.549 [main] DEBUG - Save part 'xl/sharedStrings.xml'
10:31:11.549 [main] DEBUG - Save part 'xl/styles.xml'
10:31:11.550 [main] DEBUG - Save part 'xl/theme/theme1.xml'
10:31:11.550 [main] DEBUG - Save part 'xl/workbook.xml'
10:31:11.553 [main] DEBUG - Save part 'xl/worksheets/sheet1.xml'
10:31:11.556 [main] DEBUG - Save part 'xl/worksheets/sheet2.xml'
10:31:11.558 [main] DEBUG - Save part 'xl/worksheets/sheet3.xml'
10:34:20.563 [main] INFO  - Opening chrome browser...
10:34:20.638 [main] INFO  - Navigating to Where2Go page...
10:34:26.360 [main] INFO  - Verifying Where2Go page...
10:34:26.636 [main] INFO  - Clicking on Trekking Hotspots...
10:34:35.898 [main] INFO  - Verifying Trekking Page...
10:34:36.159 [main] INFO  - Selecting Chennai City...
10:34:37.678 [main] INFO  - Applying Travel Duration to 6 hours...
10:34:41.104 [main] INFO  - Reentering City Name...
10:34:44.044 [main] INFO  - Capturing Trekking Places...
10:34:47.160 [main] DEBUG - Parsing relationship: /xl/_rels/workbook.xml.rels
10:34:47.165 [main] DEBUG - Parsing relationship: /_rels/.rels
10:34:47.348 [main] TRACE - Loading type system org.apache.poi.schemas.ooxml.system.ooxml
10:34:47.351 [main] TRACE - Loading type system org.apache.xmlbeans.metadata.system.sXMLCONFIG
10:34:47.352 [main] TRACE - Loading type system org.apache.xmlbeans.metadata.system.sXMLLANG
10:34:47.352 [main] TRACE - Loading type system org.apache.xmlbeans.metadata.system.sXMLSCHEMA
10:34:47.353 [main] TRACE - Loading type system org.apache.xmlbeans.metadata.system.sXMLTOOLS
10:34:47.354 [main] TRACE - Reading unresolved handles for type system org.apache.xmlbeans.metadata.system.sXMLTOOLS
10:34:47.366 [main] TRACE - Finished loading type system org.apache.xmlbeans.metadata.system.sXMLTOOLS
10:34:47.366 [main] TRACE - Reading unresolved handles for type system org.apache.xmlbeans.metadata.system.sXMLSCHEMA
10:34:47.371 [main] TRACE - Finished loading type system org.apache.xmlbeans.metadata.system.sXMLSCHEMA
10:34:47.373 [main] TRACE - Reading unresolved handles for type system org.apache.xmlbeans.metadata.system.sXMLLANG
10:34:47.374 [main] TRACE - Finished loading type system org.apache.xmlbeans.metadata.system.sXMLLANG
10:34:47.375 [main] TRACE - Reading unresolved handles for type system org.apache.xmlbeans.metadata.system.sXMLCONFIG
10:34:47.375 [main] TRACE - Finished loading type system org.apache.xmlbeans.metadata.system.sXMLCONFIG
10:34:47.376 [main] TRACE - Reading unresolved handles for type system org.apache.poi.schemas.ooxml.system.ooxml
10:34:47.431 [main] TRACE - Finished loading type system org.apache.poi.schemas.ooxml.system.ooxml
10:34:47.432 [main] TRACE - Resolving type for handle themefd26doctype
10:34:47.537 [main] TRACE - Resolving type for handle stylesheet5d8bdoctype
10:34:47.545 [main] TRACE - Resolving type for handle ctstylesheet4257type
10:34:47.552 [main] TRACE - Resolving type for handle ctnumfmtsb58btype
10:34:47.556 [main] TRACE - Resolving type for handle ctfonts6623type
10:34:47.561 [main] TRACE - Resolving type for handle ctfont14d8type
10:34:47.568 [main] TRACE - Resolving type for handle ctfills2c6ftype
10:34:47.571 [main] TRACE - Resolving type for handle ctfill550ctype
10:34:47.573 [main] TRACE - Resolving type for handle ctborders0d66type
10:34:47.576 [main] TRACE - Resolving type for handle ctborderf935type
10:34:47.579 [main] TRACE - Resolving type for handle ctcellxfs1322type
10:34:47.582 [main] TRACE - Resolving type for handle ctxf97f7type
10:34:47.587 [main] TRACE - Resolving type for handle ctcellstylexfsa81ftype
10:34:47.590 [main] TRACE - Resolving type for handle ctdxfsb26atype
10:34:47.595 [main] TRACE - Resolving type for handle cttablestyles872ftype
10:34:47.601 [main] TRACE - Resolving type for handle sstf81fdoctype
10:34:47.610 [main] TRACE - Resolving type for handle ctsst44f3type
10:34:47.631 [main] TRACE - Resolving type for handle ctrsta472type
10:34:47.691 [main] TRACE - Resolving type for handle workbookec17doctype
10:34:47.698 [main] TRACE - Resolving type for handle ctworkbook83c3type
10:34:47.712 [main] TRACE - Resolving type for handle ctsheets49fdtype
10:34:47.717 [main] TRACE - Resolving type for handle ctsheet4dbetype
10:34:47.720 [main] TRACE - Resolving type for handle strelationshipid1e94type
10:34:47.725 [main] TRACE - Resolving type for handle worksheetf539doctype
10:34:47.733 [main] TRACE - Resolving type for handle ctworksheet530dtype
10:34:47.756 [main] TRACE - Resolving type for handle ctcols627ctype
10:34:47.762 [main] TRACE - Resolving type for handle ctcola95ftype
10:34:47.786 [main] TRACE - Resolving type for handle ctsheetdata8408type
10:34:47.793 [main] TRACE - Resolving type for handle ctrowdd39type
10:34:47.807 [main] TRACE - Resolving type for handle ctcell842btype
10:34:47.818 [main] TRACE - Resolving type for handle stcellrefe4e0type
10:34:47.859 [main] TRACE - Resolving type for handle stxstringf179type
10:34:47.884 [main] TRACE - Resolving type for handle stcelltypebf95type
10:34:48.332 [main] TRACE - Resolving type for handle stcellstylexfid70c7type
10:34:48.341 [main] TRACE - Resolving type for handle ctsheetdimensiond310type
10:34:48.343 [main] TRACE - Resolving type for handle stref90a2type
10:34:48.362 [main] TRACE - Resolving type for handle propertiesee84doctype
10:34:48.364 [main] TRACE - Resolving type for handle ctproperties3f10type
10:34:48.389 [main] TRACE - Resolving type for handle properties288cdoctype
10:34:48.392 [main] TRACE - Resolving type for handle ctproperties2c18type
10:34:48.413 [main] DEBUG - Save content types part
10:34:48.507 [main] DEBUG - Save package relationships
10:34:48.513 [main] DEBUG - Save part 'docProps/app.xml'
10:34:48.514 [main] DEBUG - Save part 'docProps/core.xml'
10:34:48.518 [main] DEBUG - Save part 'xl/sharedStrings.xml'
10:34:48.519 [main] DEBUG - Save part 'xl/styles.xml'
10:34:48.519 [main] DEBUG - Save part 'xl/theme/theme1.xml'
10:34:48.520 [main] DEBUG - Save part 'xl/workbook.xml'
10:34:48.522 [main] DEBUG - Save part 'xl/worksheets/sheet1.xml'
10:34:48.522 [main] DEBUG - Save part 'xl/worksheets/sheet2.xml'
10:34:48.809 [main] INFO  - Navigating to HomePage...
10:34:49.229 [main] INFO  - Clicking on Holiday Package...
10:34:49.897 [main] INFO  - Clicking Explore Europe Category...
10:34:50.803 [main] INFO  - Selecting Italy location...
10:34:54.305 [main] INFO  - Verifying Holiday Package Page...
10:34:57.216 [main] INFO  - Closing the popup that appears...
10:35:07.717 [main] INFO  - Choosing All Packages section...
10:35:08.225 [main] INFO  - Scrolling down till all packages are loaded...And capturing them...
10:35:51.163 [main] DEBUG - Parsing relationship: /xl/_rels/workbook.xml.rels
10:35:51.165 [main] DEBUG - Parsing relationship: /_rels/.rels
10:35:53.660 [main] DEBUG - Save content types part
10:35:53.662 [main] DEBUG - Save package relationships
10:35:53.664 [main] DEBUG - Save part 'docProps/app.xml'
10:35:53.665 [main] DEBUG - Save part 'docProps/core.xml'
10:35:53.668 [main] DEBUG - Save part 'xl/sharedStrings.xml'
10:35:53.668 [main] DEBUG - Save part 'xl/styles.xml'
10:35:53.669 [main] DEBUG - Save part 'xl/theme/theme1.xml'
10:35:53.669 [main] DEBUG - Save part 'xl/workbook.xml'
10:35:53.672 [main] DEBUG - Save part 'xl/worksheets/sheet1.xml'
10:35:53.673 [main] DEBUG - Save part 'xl/worksheets/sheet2.xml'
10:35:53.922 [main] INFO  - Navigating to HomePage...
10:36:17.861 [main] INFO  - Opening chrome browser...
10:36:19.981 [main] INFO  - Ad bypassed...
10:36:20.407 [main] INFO  - Navigating to GiftCards Page...
10:36:35.152 [main] INFO  - Opening chrome browser...
10:36:36.583 [main] INFO  - Ad bypassed...
10:36:37.251 [main] INFO  - Navigating to GiftCards Page...
10:36:48.964 [main] INFO  - Opening chrome browser...
10:37:09.093 [main] INFO  - Ad not displayed...Moving forward...
10:37:09.338 [main] INFO  - Navigating to GiftCards Page...
10:37:12.530 [main] INFO  - Selecting Occasions category...
10:37:12.882 [main] INFO  - Navigating to Staycation Giftcard Page...
10:37:15.632 [main] INFO  - Validating GiftCards page...
10:37:15.821 [main] INFO  - Entering amount - 5520 ...
10:37:16.172 [main] INFO  - Selecting Email button...
10:37:16.442 [main] INFO  - Increasing quantity 2 times...
10:37:16.727 [main] INFO  - Selecting Send to different recipients slider button...
10:37:31.738 [main] INFO  - Opening chrome browser...
10:37:51.890 [main] INFO  - Ad not displayed...Moving forward...
10:37:52.192 [main] INFO  - Navigating to GiftCards Page...
10:37:57.834 [main] INFO  - Selecting Occasions category...
10:37:58.633 [main] INFO  - Navigating to Staycation Giftcard Page...
10:38:03.389 [main] INFO  - Validating GiftCards page...
10:38:03.622 [main] INFO  - Entering amount - 2000 ...
10:38:04.000 [main] INFO  - Selecting Email button...
10:38:04.382 [main] INFO  - Increasing quantity 2 times...
10:38:04.767 [main] INFO  - Selecting Send to different recipients slider button...
10:38:22.268 [main] INFO  - Opening chrome browser...
10:38:23.844 [main] INFO  - Ad bypassed...
10:38:24.441 [main] INFO  - Navigating to Cabs Page...
10:38:25.722 [main] INFO  - Filling in from and to locations- Delhi : Manali, Himachal Pradesh, India ...
10:38:30.053 [main] INFO  - Selecting departure - 23 and time - 6:30:PM details...
10:38:35.883 [main] INFO  - Clicking Search...
10:38:40.400 [main] INFO  - Selecting filter - SUV...
10:38:42.612 [main] INFO  - Capturing cab details with lowest charges...
10:38:42.694 [main] DEBUG - Parsing relationship: /xl/_rels/workbook.xml.rels
10:38:42.695 [main] DEBUG - Parsing relationship: /xl/worksheets/_rels/sheet1.xml.rels
10:38:42.696 [main] DEBUG - Parsing relationship: /xl/worksheets/_rels/sheet2.xml.rels
10:38:42.697 [main] DEBUG - Parsing relationship: /xl/worksheets/_rels/sheet3.xml.rels
10:38:42.698 [main] DEBUG - Parsing relationship: /_rels/.rels
10:38:42.715 [main] DEBUG - using default POIXMLDocumentPart for http://schemas.openxmlformats.org/officeDocument/2006/relationships/printerSettings
10:38:42.715 [main] DEBUG - using default POIXMLDocumentPart for http://schemas.openxmlformats.org/officeDocument/2006/relationships/printerSettings
10:38:42.738 [main] TRACE - Resolving type for handle cthyperlinks6416type
10:38:42.744 [main] TRACE - Resolving type for handle cthyperlink0c85type
10:38:42.829 [main] DEBUG - Save content types part
10:38:42.831 [main] DEBUG - Save package relationships
10:38:42.833 [main] DEBUG - Save part 'docProps/app.xml'
10:38:42.833 [main] DEBUG - Save part 'docProps/core.xml'
10:38:42.835 [main] DEBUG - Save part 'xl/printerSettings/printerSettings1.bin'
10:38:42.835 [main] DEBUG - Save part 'xl/printerSettings/printerSettings2.bin'
10:38:42.836 [main] DEBUG - Save part 'xl/sharedStrings.xml'
10:38:42.836 [main] DEBUG - Save part 'xl/styles.xml'
10:38:42.837 [main] DEBUG - Save part 'xl/theme/theme1.xml'
10:38:42.838 [main] DEBUG - Save part 'xl/workbook.xml'
10:38:42.840 [main] DEBUG - Save part 'xl/worksheets/sheet1.xml'
10:38:42.842 [main] DEBUG - Save part 'xl/worksheets/sheet2.xml'
10:38:42.845 [main] DEBUG - Save part 'xl/worksheets/sheet3.xml'
10:38:53.713 [main] INFO  - Opening chrome browser...
10:39:13.776 [main] INFO  - Ad not displayed...Moving forward...
10:39:14.037 [main] INFO  - Navigating to Cabs Page...
10:39:14.592 [main] INFO  - Filling in from and to locations- Hyderabad : Hosur, Tamil Nadu, India ...
10:39:18.834 [main] INFO  - Selecting departure - 15 and time - 7:40:AM details...
10:39:24.384 [main] INFO  - Clicking Search...
10:39:26.345 [main] INFO  - Selecting filter - SEDAN...
10:39:27.664 [main] INFO  - Capturing cab details with lowest charges...
10:39:27.706 [main] DEBUG - Parsing relationship: /xl/_rels/workbook.xml.rels
10:39:27.707 [main] DEBUG - Parsing relationship: /xl/worksheets/_rels/sheet1.xml.rels
10:39:27.708 [main] DEBUG - Parsing relationship: /xl/worksheets/_rels/sheet2.xml.rels
10:39:27.708 [main] DEBUG - Parsing relationship: /xl/worksheets/_rels/sheet3.xml.rels
10:39:27.709 [main] DEBUG - Parsing relationship: /_rels/.rels
10:39:27.720 [main] DEBUG - using default POIXMLDocumentPart for http://schemas.openxmlformats.org/officeDocument/2006/relationships/printerSettings
10:39:27.721 [main] DEBUG - using default POIXMLDocumentPart for http://schemas.openxmlformats.org/officeDocument/2006/relationships/printerSettings
10:39:27.789 [main] DEBUG - Save content types part
10:39:27.791 [main] DEBUG - Save package relationships
10:39:27.792 [main] DEBUG - Save part 'docProps/app.xml'
10:39:27.793 [main] DEBUG - Save part 'docProps/core.xml'
10:39:27.794 [main] DEBUG - Save part 'xl/printerSettings/printerSettings1.bin'
10:39:27.794 [main] DEBUG - Save part 'xl/printerSettings/printerSettings2.bin'
10:39:27.794 [main] DEBUG - Save part 'xl/sharedStrings.xml'
10:39:27.795 [main] DEBUG - Save part 'xl/styles.xml'
10:39:27.795 [main] DEBUG - Save part 'xl/theme/theme1.xml'
10:39:27.795 [main] DEBUG - Save part 'xl/workbook.xml'
10:39:27.797 [main] DEBUG - Save part 'xl/worksheets/sheet1.xml'
10:39:27.798 [main] DEBUG - Save part 'xl/worksheets/sheet2.xml'
10:39:27.800 [main] DEBUG - Save part 'xl/worksheets/sheet3.xml'
10:52:06.610 [main] INFO  - Opening chrome browser...
10:52:06.635 [main] INFO  - Navigating to Where2Go page...
10:52:23.450 [main] INFO  - Verifying Where2Go page...
10:52:23.740 [main] INFO  - Clicking on Trekking Hotspots...
10:52:46.972 [main] INFO  - Verifying Trekking Page...
10:52:47.232 [main] INFO  - Selecting Chennai City...
10:52:50.431 [main] INFO  - Applying Travel Duration to 6 hours...
10:52:53.671 [main] INFO  - Reentering City Name...
10:52:56.167 [main] INFO  - Capturing Trekking Places...
10:52:59.115 [main] DEBUG - Parsing relationship: /xl/_rels/workbook.xml.rels
10:52:59.119 [main] DEBUG - Parsing relationship: /_rels/.rels
10:52:59.288 [main] TRACE - Loading type system org.apache.poi.schemas.ooxml.system.ooxml
10:52:59.292 [main] TRACE - Loading type system org.apache.xmlbeans.metadata.system.sXMLCONFIG
10:52:59.293 [main] TRACE - Loading type system org.apache.xmlbeans.metadata.system.sXMLLANG
10:52:59.294 [main] TRACE - Loading type system org.apache.xmlbeans.metadata.system.sXMLSCHEMA
10:52:59.295 [main] TRACE - Loading type system org.apache.xmlbeans.metadata.system.sXMLTOOLS
10:52:59.297 [main] TRACE - Reading unresolved handles for type system org.apache.xmlbeans.metadata.system.sXMLTOOLS
10:52:59.317 [main] TRACE - Finished loading type system org.apache.xmlbeans.metadata.system.sXMLTOOLS
10:52:59.318 [main] TRACE - Reading unresolved handles for type system org.apache.xmlbeans.metadata.system.sXMLSCHEMA
10:52:59.324 [main] TRACE - Finished loading type system org.apache.xmlbeans.metadata.system.sXMLSCHEMA
10:52:59.326 [main] TRACE - Reading unresolved handles for type system org.apache.xmlbeans.metadata.system.sXMLLANG
10:52:59.327 [main] TRACE - Finished loading type system org.apache.xmlbeans.metadata.system.sXMLLANG
10:52:59.329 [main] TRACE - Reading unresolved handles for type system org.apache.xmlbeans.metadata.system.sXMLCONFIG
10:52:59.330 [main] TRACE - Finished loading type system org.apache.xmlbeans.metadata.system.sXMLCONFIG
10:52:59.330 [main] TRACE - Reading unresolved handles for type system org.apache.poi.schemas.ooxml.system.ooxml
10:52:59.385 [main] TRACE - Finished loading type system org.apache.poi.schemas.ooxml.system.ooxml
10:52:59.386 [main] TRACE - Resolving type for handle themefd26doctype
10:52:59.497 [main] TRACE - Resolving type for handle stylesheet5d8bdoctype
10:52:59.506 [main] TRACE - Resolving type for handle ctstylesheet4257type
10:52:59.520 [main] TRACE - Resolving type for handle ctnumfmtsb58btype
10:52:59.525 [main] TRACE - Resolving type for handle ctfonts6623type
10:52:59.528 [main] TRACE - Resolving type for handle ctfont14d8type
10:52:59.534 [main] TRACE - Resolving type for handle ctfills2c6ftype
10:52:59.537 [main] TRACE - Resolving type for handle ctfill550ctype
10:52:59.541 [main] TRACE - Resolving type for handle ctborders0d66type
10:52:59.545 [main] TRACE - Resolving type for handle ctborderf935type
10:52:59.550 [main] TRACE - Resolving type for handle ctcellxfs1322type
10:52:59.555 [main] TRACE - Resolving type for handle ctxf97f7type
10:52:59.560 [main] TRACE - Resolving type for handle ctcellstylexfsa81ftype
10:52:59.563 [main] TRACE - Resolving type for handle ctdxfsb26atype
10:52:59.566 [main] TRACE - Resolving type for handle cttablestyles872ftype
10:52:59.571 [main] TRACE - Resolving type for handle sstf81fdoctype
10:52:59.579 [main] TRACE - Resolving type for handle ctsst44f3type
10:52:59.595 [main] TRACE - Resolving type for handle ctrsta472type
10:52:59.654 [main] TRACE - Resolving type for handle workbookec17doctype
10:52:59.660 [main] TRACE - Resolving type for handle ctworkbook83c3type
10:52:59.669 [main] TRACE - Resolving type for handle ctsheets49fdtype
10:52:59.673 [main] TRACE - Resolving type for handle ctsheet4dbetype
10:52:59.677 [main] TRACE - Resolving type for handle strelationshipid1e94type
10:52:59.680 [main] TRACE - Resolving type for handle worksheetf539doctype
10:52:59.687 [main] TRACE - Resolving type for handle ctworksheet530dtype
10:52:59.711 [main] TRACE - Resolving type for handle ctcols627ctype
10:52:59.717 [main] TRACE - Resolving type for handle ctcola95ftype
10:52:59.742 [main] TRACE - Resolving type for handle ctsheetdata8408type
10:52:59.749 [main] TRACE - Resolving type for handle ctrowdd39type
10:52:59.757 [main] TRACE - Resolving type for handle ctcell842btype
10:52:59.769 [main] TRACE - Resolving type for handle stcellrefe4e0type
10:52:59.796 [main] TRACE - Resolving type for handle stxstringf179type
10:52:59.816 [main] TRACE - Resolving type for handle stcelltypebf95type
10:53:00.227 [main] TRACE - Resolving type for handle stcellstylexfid70c7type
10:53:00.235 [main] TRACE - Resolving type for handle ctsheetdimensiond310type
10:53:00.237 [main] TRACE - Resolving type for handle stref90a2type
10:53:00.255 [main] TRACE - Resolving type for handle propertiesee84doctype
10:53:00.257 [main] TRACE - Resolving type for handle ctproperties3f10type
10:53:00.271 [main] TRACE - Resolving type for handle properties288cdoctype
10:53:00.273 [main] TRACE - Resolving type for handle ctproperties2c18type
10:53:00.290 [main] DEBUG - Save content types part
10:53:00.364 [main] DEBUG - Save package relationships
10:53:00.368 [main] DEBUG - Save part 'docProps/app.xml'
10:53:00.369 [main] DEBUG - Save part 'docProps/core.xml'
10:53:00.371 [main] DEBUG - Save part 'xl/sharedStrings.xml'
10:53:00.372 [main] DEBUG - Save part 'xl/styles.xml'
10:53:00.372 [main] DEBUG - Save part 'xl/theme/theme1.xml'
10:53:00.372 [main] DEBUG - Save part 'xl/workbook.xml'
10:53:00.374 [main] DEBUG - Save part 'xl/worksheets/sheet1.xml'
10:53:00.374 [main] DEBUG - Save part 'xl/worksheets/sheet2.xml'
10:53:00.618 [main] INFO  - Navigating to HomePage...
10:53:01.273 [main] INFO  - Clicking on Holiday Package...
10:53:02.079 [main] INFO  - Clicking Explore Europe Category...
10:53:03.614 [main] INFO  - Selecting Italy location...
10:53:09.249 [main] INFO  - Verifying Holiday Package Page...
10:53:12.944 [main] INFO  - Closing the popup that appears...
10:53:23.529 [main] INFO  - Choosing All Packages section...
10:53:23.933 [main] INFO  - Scrolling down till all packages are loaded...And capturing them...
10:54:05.611 [main] DEBUG - Parsing relationship: /xl/_rels/workbook.xml.rels
10:54:05.611 [main] DEBUG - Parsing relationship: /_rels/.rels
10:54:06.966 [main] DEBUG - Save content types part
10:54:06.967 [main] DEBUG - Save package relationships
10:54:06.967 [main] DEBUG - Save part 'docProps/app.xml'
10:54:06.968 [main] DEBUG - Save part 'docProps/core.xml'
10:54:06.968 [main] DEBUG - Save part 'xl/sharedStrings.xml'
10:54:06.968 [main] DEBUG - Save part 'xl/styles.xml'
10:54:06.969 [main] DEBUG - Save part 'xl/theme/theme1.xml'
10:54:06.969 [main] DEBUG - Save part 'xl/workbook.xml'
10:54:06.970 [main] DEBUG - Save part 'xl/worksheets/sheet1.xml'
10:54:06.970 [main] DEBUG - Save part 'xl/worksheets/sheet2.xml'
10:54:07.103 [main] INFO  - Navigating to HomePage...
10:54:25.596 [main] INFO  - Opening chrome browser...
10:54:45.811 [main] INFO  - Ad not displayed...Moving forward...
10:54:46.063 [main] INFO  - Navigating to GiftCards Page...
10:54:50.231 [main] INFO  - Selecting Occasions category...
10:54:50.546 [main] INFO  - Navigating to Staycation Giftcard Page...
10:54:50.858 [main] INFO  - Validating GiftCards page...
10:54:51.100 [main] INFO  - Entering amount - 3267 ...
10:54:51.984 [main] INFO  - Selecting Email button...
10:54:52.366 [main] INFO  - Increasing quantity 2 times...
10:54:52.722 [main] INFO  - Selecting Send to different recipients slider button...
10:55:03.755 [main] INFO  - Opening chrome browser...
10:55:23.835 [main] INFO  - Ad not displayed...Moving forward...
10:55:24.001 [main] INFO  - Navigating to GiftCards Page...
10:55:47.574 [main] INFO  - Opening chrome browser...
10:55:48.980 [main] INFO  - Ad bypassed...
10:55:49.397 [main] INFO  - Navigating to GiftCards Page...
10:56:06.241 [main] INFO  - Opening chrome browser...
10:56:07.428 [main] INFO  - Ad bypassed...
10:56:07.905 [main] INFO  - Navigating to GiftCards Page...
10:56:23.006 [main] INFO  - Opening chrome browser...
10:56:24.147 [main] INFO  - Ad bypassed...
10:56:24.580 [main] INFO  - Navigating to Cabs Page...
10:56:25.769 [main] INFO  - Filling in from and to locations- Delhi : Manali, Himachal Pradesh, India ...
10:56:29.704 [main] INFO  - Selecting departure - 23 and time - 6:30:PM details...
10:56:34.773 [main] INFO  - Clicking Search...
10:56:37.261 [main] INFO  - Selecting filter - SUV...
10:56:38.521 [main] INFO  - Capturing cab details with lowest charges...
10:56:38.578 [main] DEBUG - Parsing relationship: /xl/_rels/workbook.xml.rels
10:56:38.579 [main] DEBUG - Parsing relationship: /xl/worksheets/_rels/sheet1.xml.rels
10:56:38.580 [main] DEBUG - Parsing relationship: /xl/worksheets/_rels/sheet2.xml.rels
10:56:38.581 [main] DEBUG - Parsing relationship: /xl/worksheets/_rels/sheet3.xml.rels
10:56:38.582 [main] DEBUG - Parsing relationship: /_rels/.rels
10:56:38.589 [main] DEBUG - using default POIXMLDocumentPart for http://schemas.openxmlformats.org/officeDocument/2006/relationships/printerSettings
10:56:38.589 [main] DEBUG - using default POIXMLDocumentPart for http://schemas.openxmlformats.org/officeDocument/2006/relationships/printerSettings
10:56:38.600 [main] TRACE - Resolving type for handle cthyperlinks6416type
10:56:38.602 [main] TRACE - Resolving type for handle cthyperlink0c85type
10:56:38.643 [main] DEBUG - Save content types part
10:56:38.644 [main] DEBUG - Save package relationships
10:56:38.646 [main] DEBUG - Save part 'docProps/app.xml'
10:56:38.646 [main] DEBUG - Save part 'docProps/core.xml'
10:56:38.647 [main] DEBUG - Save part 'xl/printerSettings/printerSettings1.bin'
10:56:38.647 [main] DEBUG - Save part 'xl/printerSettings/printerSettings2.bin'
10:56:38.647 [main] DEBUG - Save part 'xl/sharedStrings.xml'
10:56:38.648 [main] DEBUG - Save part 'xl/styles.xml'
10:56:38.648 [main] DEBUG - Save part 'xl/theme/theme1.xml'
10:56:38.648 [main] DEBUG - Save part 'xl/workbook.xml'
10:56:38.650 [main] DEBUG - Save part 'xl/worksheets/sheet1.xml'
10:56:38.651 [main] DEBUG - Save part 'xl/worksheets/sheet2.xml'
10:56:38.652 [main] DEBUG - Save part 'xl/worksheets/sheet3.xml'
10:56:48.660 [main] INFO  - Opening chrome browser...
10:56:50.360 [main] INFO  - Ad bypassed...
10:56:50.943 [main] INFO  - Navigating to Cabs Page...
10:56:52.285 [main] INFO  - Filling in from and to locations- Hyderabad : Hosur, Tamil Nadu, India ...
10:56:56.438 [main] INFO  - Selecting departure - 15 and time - 7:40:AM details...
10:58:04.821 [main] INFO  - Opening chrome browser...
10:58:05.011 [main] INFO  - Ad bypassed...
10:58:05.484 [main] INFO  - Navigating to GiftCards Page...
10:59:25.010 [main] INFO  - Opening chrome browser...
10:59:45.113 [main] INFO  - Ad not displayed...Moving forward...
10:59:45.514 [main] INFO  - Navigating to GiftCards Page...
10:59:49.716 [main] INFO  - Selecting Occasions category...
10:59:50.001 [main] INFO  - Navigating to Staycation Giftcard Page...
10:59:50.204 [main] INFO  - Validating GiftCards page...
10:59:50.332 [main] INFO  - Entering amount - 3267 ...
10:59:51.187 [main] INFO  - Selecting Email button...
10:59:51.449 [main] INFO  - Increasing quantity 2 times...
10:59:51.718 [main] INFO  - Selecting Send to different recipients slider button...
11:00:05.275 [main] INFO  - Opening chrome browser...
11:00:05.965 [main] INFO  - Ad bypassed...
11:00:06.410 [main] INFO  - Navigating to GiftCards Page...
11:01:48.404 [main] INFO  - Opening chrome browser...
11:02:08.469 [main] INFO  - Ad not displayed...Moving forward...
11:02:08.727 [main] INFO  - Navigating to GiftCards Page...
11:02:13.653 [main] INFO  - Selecting Occasions category...
11:02:14.071 [main] INFO  - Navigating to Staycation Giftcard Page...
11:02:14.451 [main] INFO  - Validating GiftCards page...
11:02:14.690 [main] INFO  - Entering amount - 3267 ...
11:02:15.404 [main] INFO  - Selecting Email button...
11:02:15.734 [main] INFO  - Increasing quantity 2 times...
11:02:16.083 [main] INFO  - Selecting Send to different recipients slider button...
11:02:16.490 [main] INFO  - Filling in recipient details - name1 : name2 ...
11:02:16.984 [main] INFO  - Filling in sender details - Vasco Da Gamer : 9876543210 : appleofeden ...
11:02:17.704 [main] INFO  - Validating the displayed details...
11:02:17.954 [main] INFO  - Filling in coupon - FUHREEE ...
11:02:18.428 [main] INFO  - Clicking BuyNow button...
11:02:18.963 [main] INFO  - Validating the error messages...
11:02:19.449 [main] DEBUG - Parsing relationship: /xl/_rels/workbook.xml.rels
11:02:19.457 [main] DEBUG - Parsing relationship: /xl/worksheets/_rels/sheet1.xml.rels
11:02:19.458 [main] DEBUG - Parsing relationship: /xl/worksheets/_rels/sheet2.xml.rels
11:02:19.460 [main] DEBUG - Parsing relationship: /xl/worksheets/_rels/sheet3.xml.rels
11:02:19.461 [main] DEBUG - Parsing relationship: /_rels/.rels
11:02:19.823 [main] TRACE - Loading type system org.apache.poi.schemas.ooxml.system.ooxml
11:02:19.827 [main] TRACE - Loading type system org.apache.xmlbeans.metadata.system.sXMLCONFIG
11:02:19.828 [main] TRACE - Loading type system org.apache.xmlbeans.metadata.system.sXMLLANG
11:02:19.829 [main] TRACE - Loading type system org.apache.xmlbeans.metadata.system.sXMLSCHEMA
11:02:19.829 [main] TRACE - Loading type system org.apache.xmlbeans.metadata.system.sXMLTOOLS
11:02:19.831 [main] TRACE - Reading unresolved handles for type system org.apache.xmlbeans.metadata.system.sXMLTOOLS
11:02:19.846 [main] TRACE - Finished loading type system org.apache.xmlbeans.metadata.system.sXMLTOOLS
11:02:19.847 [main] TRACE - Reading unresolved handles for type system org.apache.xmlbeans.metadata.system.sXMLSCHEMA
11:02:19.853 [main] TRACE - Finished loading type system org.apache.xmlbeans.metadata.system.sXMLSCHEMA
11:02:19.855 [main] TRACE - Reading unresolved handles for type system org.apache.xmlbeans.metadata.system.sXMLLANG
11:02:19.856 [main] TRACE - Finished loading type system org.apache.xmlbeans.metadata.system.sXMLLANG
11:02:19.858 [main] TRACE - Reading unresolved handles for type system org.apache.xmlbeans.metadata.system.sXMLCONFIG
11:02:19.859 [main] TRACE - Finished loading type system org.apache.xmlbeans.metadata.system.sXMLCONFIG
11:02:19.860 [main] TRACE - Reading unresolved handles for type system org.apache.poi.schemas.ooxml.system.ooxml
11:02:19.921 [main] TRACE - Finished loading type system org.apache.poi.schemas.ooxml.system.ooxml
11:02:19.923 [main] TRACE - Resolving type for handle themefd26doctype
11:02:20.036 [main] TRACE - Resolving type for handle stylesheet5d8bdoctype
11:02:20.046 [main] TRACE - Resolving type for handle ctstylesheet4257type
11:02:20.052 [main] TRACE - Resolving type for handle ctnumfmtsb58btype
11:02:20.056 [main] TRACE - Resolving type for handle ctfonts6623type
11:02:20.059 [main] TRACE - Resolving type for handle ctfont14d8type
11:02:20.068 [main] TRACE - Resolving type for handle ctfills2c6ftype
11:02:20.071 [main] TRACE - Resolving type for handle ctfill550ctype
11:02:20.074 [main] TRACE - Resolving type for handle ctborders0d66type
11:02:20.078 [main] TRACE - Resolving type for handle ctborderf935type
11:02:20.083 [main] TRACE - Resolving type for handle ctcellxfs1322type
11:02:20.087 [main] TRACE - Resolving type for handle ctxf97f7type
11:02:20.094 [main] TRACE - Resolving type for handle ctcellstylexfsa81ftype
11:02:20.099 [main] TRACE - Resolving type for handle ctdxfsb26atype
11:02:20.102 [main] TRACE - Resolving type for handle cttablestyles872ftype
11:02:20.110 [main] TRACE - Resolving type for handle sstf81fdoctype
11:02:20.118 [main] TRACE - Resolving type for handle ctsst44f3type
11:02:20.141 [main] TRACE - Resolving type for handle ctrsta472type
11:02:20.204 [main] DEBUG - using default POIXMLDocumentPart for http://schemas.openxmlformats.org/officeDocument/2006/relationships/printerSettings
11:02:20.204 [main] DEBUG - using default POIXMLDocumentPart for http://schemas.openxmlformats.org/officeDocument/2006/relationships/printerSettings
11:02:20.206 [main] TRACE - Resolving type for handle workbookec17doctype
11:02:20.215 [main] TRACE - Resolving type for handle ctworkbook83c3type
11:02:20.221 [main] TRACE - Resolving type for handle ctsheets49fdtype
11:02:20.225 [main] TRACE - Resolving type for handle ctsheet4dbetype
11:02:20.229 [main] TRACE - Resolving type for handle strelationshipid1e94type
11:02:20.234 [main] TRACE - Resolving type for handle worksheetf539doctype
11:02:20.246 [main] TRACE - Resolving type for handle ctworksheet530dtype
11:02:20.269 [main] TRACE - Resolving type for handle ctcols627ctype
11:02:20.277 [main] TRACE - Resolving type for handle ctcola95ftype
11:02:20.325 [main] TRACE - Resolving type for handle ctsheetdata8408type
11:02:20.336 [main] TRACE - Resolving type for handle ctrowdd39type
11:02:20.348 [main] TRACE - Resolving type for handle ctcell842btype
11:02:20.367 [main] TRACE - Resolving type for handle stcellrefe4e0type
11:02:20.415 [main] TRACE - Resolving type for handle cthyperlinks6416type
11:02:20.421 [main] TRACE - Resolving type for handle cthyperlink0c85type
11:02:20.437 [main] TRACE - Resolving type for handle stxstringf179type
11:02:20.448 [main] TRACE - Resolving type for handle stcelltypebf95type
11:02:20.470 [main] TRACE - Resolving type for handle stcellstylexfid70c7type
11:02:20.480 [main] TRACE - Resolving type for handle ctsheetdimensiond310type
11:02:20.484 [main] TRACE - Resolving type for handle stref90a2type
11:02:20.514 [main] TRACE - Resolving type for handle propertiesee84doctype
11:02:20.516 [main] TRACE - Resolving type for handle ctproperties3f10type
11:02:20.525 [main] TRACE - Resolving type for handle properties288cdoctype
11:02:20.527 [main] TRACE - Resolving type for handle ctproperties2c18type
11:02:20.545 [main] DEBUG - Save content types part
11:02:20.645 [main] DEBUG - Save package relationships
11:02:20.650 [main] DEBUG - Save part 'docProps/app.xml'
11:02:20.651 [main] DEBUG - Save part 'docProps/core.xml'
11:02:20.657 [main] DEBUG - Save part 'xl/printerSettings/printerSettings1.bin'
11:02:20.657 [main] DEBUG - Save part 'xl/printerSettings/printerSettings2.bin'
11:02:20.657 [main] DEBUG - Save part 'xl/sharedStrings.xml'
11:02:20.658 [main] DEBUG - Save part 'xl/styles.xml'
11:02:20.658 [main] DEBUG - Save part 'xl/theme/theme1.xml'
11:02:20.659 [main] DEBUG - Save part 'xl/workbook.xml'
11:02:20.661 [main] DEBUG - Save part 'xl/worksheets/sheet1.xml'
11:02:20.663 [main] DEBUG - Save part 'xl/worksheets/sheet2.xml'
11:02:20.665 [main] DEBUG - Save part 'xl/worksheets/sheet3.xml'
11:02:32.016 [main] INFO  - Opening chrome browser...
11:02:52.133 [main] INFO  - Ad not displayed...Moving forward...
11:02:52.291 [main] INFO  - Navigating to GiftCards Page...
11:02:54.643 [main] INFO  - Selecting Occasions category...
11:02:55.099 [main] INFO  - Navigating to Staycation Giftcard Page...
11:02:55.388 [main] INFO  - Validating GiftCards page...
11:02:55.644 [main] INFO  - Entering amount - 20000 ...
11:02:56.338 [main] INFO  - Selecting Email button...
11:02:56.644 [main] INFO  - Increasing quantity 2 times...
11:02:56.949 [main] INFO  - Selecting Send to different recipients slider button...
11:02:57.298 [main] INFO  - Filling in recipient details - 987 : 345 ...
11:02:57.742 [main] INFO  - Filling in sender details - PolkaMan : 3242 : 123nji ...
11:02:58.299 [main] INFO  - Validating the displayed details...
11:02:58.530 [main] INFO  - Filling in coupon - polkapolka ...
11:02:58.908 [main] INFO  - Clicking BuyNow button...
11:02:59.234 [main] INFO  - Validating the error messages...
11:02:59.408 [main] DEBUG - Parsing relationship: /xl/_rels/workbook.xml.rels
11:02:59.408 [main] DEBUG - Parsing relationship: /xl/worksheets/_rels/sheet1.xml.rels
11:02:59.409 [main] DEBUG - Parsing relationship: /xl/worksheets/_rels/sheet2.xml.rels
11:02:59.409 [main] DEBUG - Parsing relationship: /xl/worksheets/_rels/sheet3.xml.rels
11:02:59.410 [main] DEBUG - Parsing relationship: /_rels/.rels
11:02:59.423 [main] DEBUG - using default POIXMLDocumentPart for http://schemas.openxmlformats.org/officeDocument/2006/relationships/printerSettings
11:02:59.423 [main] DEBUG - using default POIXMLDocumentPart for http://schemas.openxmlformats.org/officeDocument/2006/relationships/printerSettings
11:02:59.458 [main] DEBUG - Save content types part
11:02:59.460 [main] DEBUG - Save package relationships
11:02:59.462 [main] DEBUG - Save part 'docProps/app.xml'
11:02:59.462 [main] DEBUG - Save part 'docProps/core.xml'
11:02:59.464 [main] DEBUG - Save part 'xl/printerSettings/printerSettings1.bin'
11:02:59.464 [main] DEBUG - Save part 'xl/printerSettings/printerSettings2.bin'
11:02:59.465 [main] DEBUG - Save part 'xl/sharedStrings.xml'
11:02:59.465 [main] DEBUG - Save part 'xl/styles.xml'
11:02:59.465 [main] DEBUG - Save part 'xl/theme/theme1.xml'
11:02:59.466 [main] DEBUG - Save part 'xl/workbook.xml'
11:02:59.467 [main] DEBUG - Save part 'xl/worksheets/sheet1.xml'
11:02:59.469 [main] DEBUG - Save part 'xl/worksheets/sheet2.xml'
11:02:59.470 [main] DEBUG - Save part 'xl/worksheets/sheet3.xml'
11:03:11.291 [main] INFO  - Opening chrome browser...
11:03:12.678 [main] INFO  - Ad bypassed...
11:03:13.134 [main] INFO  - Navigating to GiftCards Page...
11:03:17.717 [main] INFO  - Selecting Occasions category...
11:03:17.929 [main] INFO  - Navigating to Staycation Giftcard Page...
11:03:18.125 [main] INFO  - Validating GiftCards page...
11:03:18.237 [main] INFO  - Entering amount - 5520 ...
11:03:19.133 [main] INFO  - Selecting Email button...
11:03:19.413 [main] INFO  - Increasing quantity 2 times...
11:03:19.673 [main] INFO  - Selecting Send to different recipients slider button...
11:03:19.949 [main] INFO  - Filling in recipient details - guy1 : guy2 ...
11:03:20.288 [main] INFO  - Filling in sender details - Jack Sparrow : 9753186420 : iladamuerte ...
11:03:20.698 [main] INFO  - Validating the displayed details...
11:03:20.882 [main] INFO  - Filling in coupon - KRAKEN ...
11:03:21.141 [main] INFO  - Clicking BuyNow button...
11:03:21.393 [main] INFO  - Validating the error messages...
11:03:21.533 [main] DEBUG - Parsing relationship: /xl/_rels/workbook.xml.rels
11:03:21.534 [main] DEBUG - Parsing relationship: /xl/worksheets/_rels/sheet1.xml.rels
11:03:21.534 [main] DEBUG - Parsing relationship: /xl/worksheets/_rels/sheet2.xml.rels
11:03:21.535 [main] DEBUG - Parsing relationship: /xl/worksheets/_rels/sheet3.xml.rels
11:03:21.535 [main] DEBUG - Parsing relationship: /_rels/.rels
11:03:21.541 [main] DEBUG - using default POIXMLDocumentPart for http://schemas.openxmlformats.org/officeDocument/2006/relationships/printerSettings
11:03:21.541 [main] DEBUG - using default POIXMLDocumentPart for http://schemas.openxmlformats.org/officeDocument/2006/relationships/printerSettings
11:03:21.560 [main] DEBUG - Save content types part
11:03:21.562 [main] DEBUG - Save package relationships
11:03:21.564 [main] DEBUG - Save part 'docProps/app.xml'
11:03:21.564 [main] DEBUG - Save part 'docProps/core.xml'
11:03:21.565 [main] DEBUG - Save part 'xl/printerSettings/printerSettings1.bin'
11:03:21.565 [main] DEBUG - Save part 'xl/printerSettings/printerSettings2.bin'
11:03:21.565 [main] DEBUG - Save part 'xl/sharedStrings.xml'
11:03:21.565 [main] DEBUG - Save part 'xl/styles.xml'
11:03:21.566 [main] DEBUG - Save part 'xl/theme/theme1.xml'
11:03:21.566 [main] DEBUG - Save part 'xl/workbook.xml'
11:03:21.567 [main] DEBUG - Save part 'xl/worksheets/sheet1.xml'
11:03:21.568 [main] DEBUG - Save part 'xl/worksheets/sheet2.xml'
11:03:21.569 [main] DEBUG - Save part 'xl/worksheets/sheet3.xml'
11:03:29.454 [main] INFO  - Opening chrome browser...
