11:03:49.546 [main] INFO  - Ad not displayed...Moving forward...
11:03:49.801 [main] INFO  - Navigating to GiftCards Page...
11:03:52.937 [main] INFO  - Selecting Occasions category...
11:03:53.324 [main] INFO  - Navigating to Staycation Giftcard Page...
11:03:55.808 [main] INFO  - Validating GiftCards page...
11:03:56.027 [main] INFO  - Entering amount - 2000 ...
11:03:56.394 [main] INFO  - Selecting Email button...
11:03:56.717 [main] INFO  - Increasing quantity 2 times...
11:03:57.046 [main] INFO  - Selecting Send to different recipients slider button...
11:03:57.392 [main] INFO  - Filling in recipient details - name1@gmail.com : name2@gmail.com ...
11:03:57.956 [main] INFO  - Filling in sender details - Vasco Da Gamer : 9876543210 : appleofeden@gmail.com ...
11:03:58.585 [main] INFO  - Validating the displayed details...
11:03:58.855 [main] INFO  - Clicking BuyNow button...
11:03:59.240 [main] INFO  - Validating Payment Page...
11:04:03.649 [main] DEBUG - Parsing relationship: /xl/_rels/workbook.xml.rels
11:04:03.649 [main] DEBUG - Parsing relationship: /xl/worksheets/_rels/sheet1.xml.rels
11:04:03.650 [main] DEBUG - Parsing relationship: /xl/worksheets/_rels/sheet2.xml.rels
11:04:03.650 [main] DEBUG - Parsing relationship: /xl/worksheets/_rels/sheet3.xml.rels
11:04:03.650 [main] DEBUG - Parsing relationship: /_rels/.rels
11:04:03.657 [main] DEBUG - using default POIXMLDocumentPart for http://schemas.openxmlformats.org/officeDocument/2006/relationships/printerSettings
11:04:03.658 [main] DEBUG - using default POIXMLDocumentPart for http://schemas.openxmlformats.org/officeDocument/2006/relationships/printerSettings
11:04:03.679 [main] DEBUG - Save content types part
11:04:03.680 [main] DEBUG - Save package relationships
11:04:03.681 [main] DEBUG - Save part 'docProps/app.xml'
11:04:03.682 [main] DEBUG - Save part 'docProps/core.xml'
11:04:03.682 [main] DEBUG - Save part 'xl/printerSettings/printerSettings1.bin'
11:04:03.683 [main] DEBUG - Save part 'xl/printerSettings/printerSettings2.bin'
11:04:03.683 [main] DEBUG - Save part 'xl/sharedStrings.xml'
11:04:03.683 [main] DEBUG - Save part 'xl/styles.xml'
11:04:03.683 [main] DEBUG - Save part 'xl/theme/theme1.xml'
11:04:03.684 [main] DEBUG - Save part 'xl/workbook.xml'
11:04:03.685 [main] DEBUG - Save part 'xl/worksheets/sheet1.xml'
11:04:03.686 [main] DEBUG - Save part 'xl/worksheets/sheet2.xml'
11:04:03.687 [main] DEBUG - Save part 'xl/worksheets/sheet3.xml'
11:06:24.440 [main] INFO  - Opening chrome browser...
11:06:24.472 [main] INFO  - Navigating to Where2Go page...
11:06:30.350 [main] INFO  - Verifying Where2Go page...
11:06:30.581 [main] INFO  - Clicking on Trekking Hotspots...
11:06:39.487 [main] INFO  - Verifying Trekking Page...
11:06:39.719 [main] INFO  - Selecting Chennai City...
11:06:41.090 [main] INFO  - Applying Travel Duration to 6 hours...
11:06:44.386 [main] INFO  - Reentering City Name...
11:06:47.095 [main] INFO  - Capturing Trekking Places...
11:06:49.937 [main] DEBUG - Parsing relationship: /xl/_rels/workbook.xml.rels
11:06:49.939 [main] DEBUG - Parsing relationship: /_rels/.rels
11:06:50.041 [main] TRACE - Loading type system org.apache.poi.schemas.ooxml.system.ooxml
11:06:50.043 [main] TRACE - Loading type system org.apache.xmlbeans.metadata.system.sXMLCONFIG
11:06:50.043 [main] TRACE - Loading type system org.apache.xmlbeans.metadata.system.sXMLLANG
11:06:50.044 [main] TRACE - Loading type system org.apache.xmlbeans.metadata.system.sXMLSCHEMA
11:06:50.044 [main] TRACE - Loading type system org.apache.xmlbeans.metadata.system.sXMLTOOLS
11:06:50.045 [main] TRACE - Reading unresolved handles for type system org.apache.xmlbeans.metadata.system.sXMLTOOLS
11:06:50.052 [main] TRACE - Finished loading type system org.apache.xmlbeans.metadata.system.sXMLTOOLS
11:06:50.052 [main] TRACE - Reading unresolved handles for type system org.apache.xmlbeans.metadata.system.sXMLSCHEMA
11:06:50.055 [main] TRACE - Finished loading type system org.apache.xmlbeans.metadata.system.sXMLSCHEMA
11:06:50.056 [main] TRACE - Reading unresolved handles for type system org.apache.xmlbeans.metadata.system.sXMLLANG
11:06:50.056 [main] TRACE - Finished loading type system org.apache.xmlbeans.metadata.system.sXMLLANG
11:06:50.057 [main] TRACE - Reading unresolved handles for type system org.apache.xmlbeans.metadata.system.sXMLCONFIG
11:06:50.057 [main] TRACE - Finished loading type system org.apache.xmlbeans.metadata.system.sXMLCONFIG
11:06:50.058 [main] TRACE - Reading unresolved handles for type system org.apache.poi.schemas.ooxml.system.ooxml
11:06:50.088 [main] TRACE - Finished loading type system org.apache.poi.schemas.ooxml.system.ooxml
11:06:50.089 [main] TRACE - Resolving type for handle themefd26doctype
11:06:50.127 [main] TRACE - Resolving type for handle stylesheet5d8bdoctype
11:06:50.131 [main] TRACE - Resolving type for handle ctstylesheet4257type
11:06:50.135 [main] TRACE - Resolving type for handle ctnumfmtsb58btype
11:06:50.136 [main] TRACE - Resolving type for handle ctfonts6623type
11:06:50.137 [main] TRACE - Resolving type for handle ctfont14d8type
11:06:50.140 [main] TRACE - Resolving type for handle ctfills2c6ftype
11:06:50.141 [main] TRACE - Resolving type for handle ctfill550ctype
11:06:50.142 [main] TRACE - Resolving type for handle ctborders0d66type
11:06:50.143 [main] TRACE - Resolving type for handle ctborderf935type
11:06:50.145 [main] TRACE - Resolving type for handle ctcellxfs1322type
11:06:50.146 [main] TRACE - Resolving type for handle ctxf97f7type
11:06:50.148 [main] TRACE - Resolving type for handle ctcellstylexfsa81ftype
11:06:50.149 [main] TRACE - Resolving type for handle ctdxfsb26atype
11:06:50.151 [main] TRACE - Resolving type for handle cttablestyles872ftype
11:06:50.154 [main] TRACE - Resolving type for handle sstf81fdoctype
11:06:50.158 [main] TRACE - Resolving type for handle ctsst44f3type
11:06:50.164 [main] TRACE - Resolving type for handle ctrsta472type
11:06:50.195 [main] TRACE - Resolving type for handle workbookec17doctype
11:06:50.198 [main] TRACE - Resolving type for handle ctworkbook83c3type
11:06:50.201 [main] TRACE - Resolving type for handle ctsheets49fdtype
11:06:50.203 [main] TRACE - Resolving type for handle ctsheet4dbetype
11:06:50.204 [main] TRACE - Resolving type for handle strelationshipid1e94type
11:06:50.205 [main] TRACE - Resolving type for handle worksheetf539doctype
11:06:50.208 [main] TRACE - Resolving type for handle ctworksheet530dtype
11:06:50.216 [main] TRACE - Resolving type for handle ctcols627ctype
11:06:50.219 [main] TRACE - Resolving type for handle ctcola95ftype
11:06:50.229 [main] TRACE - Resolving type for handle ctsheetdata8408type
11:06:50.231 [main] TRACE - Resolving type for handle ctrowdd39type
11:06:50.235 [main] TRACE - Resolving type for handle ctcell842btype
11:06:50.239 [main] TRACE - Resolving type for handle stcellrefe4e0type
11:06:50.251 [main] TRACE - Resolving type for handle stxstringf179type
11:06:50.260 [main] TRACE - Resolving type for handle stcelltypebf95type
11:06:50.497 [main] TRACE - Resolving type for handle stcellstylexfid70c7type
11:06:50.500 [main] TRACE - Resolving type for handle ctsheetdimensiond310type
11:06:50.500 [main] TRACE - Resolving type for handle stref90a2type
11:06:50.511 [main] TRACE - Resolving type for handle propertiesee84doctype
11:06:50.512 [main] TRACE - Resolving type for handle ctproperties3f10type
11:06:50.518 [main] TRACE - Resolving type for handle properties288cdoctype
11:06:50.519 [main] TRACE - Resolving type for handle ctproperties2c18type
11:06:50.529 [main] DEBUG - Save content types part
11:06:50.568 [main] DEBUG - Save package relationships
11:06:50.570 [main] DEBUG - Save part 'docProps/app.xml'
11:06:50.570 [main] DEBUG - Save part 'docProps/core.xml'
11:06:50.572 [main] DEBUG - Save part 'xl/sharedStrings.xml'
11:06:50.572 [main] DEBUG - Save part 'xl/styles.xml'
11:06:50.572 [main] DEBUG - Save part 'xl/theme/theme1.xml'
11:06:50.572 [main] DEBUG - Save part 'xl/workbook.xml'
11:06:50.573 [main] DEBUG - Save part 'xl/worksheets/sheet1.xml'
11:06:50.573 [main] DEBUG - Save part 'xl/worksheets/sheet2.xml'
11:06:50.743 [main] INFO  - Navigating to HomePage...
11:06:51.152 [main] INFO  - Clicking on Holiday Package...
11:06:51.575 [main] INFO  - Clicking Explore Europe Category...
11:06:52.381 [main] INFO  - Selecting Italy location...
11:06:55.121 [main] INFO  - Verifying Holiday Package Page...
11:06:57.875 [main] INFO  - Closing the popup that appears...
11:07:08.245 [main] INFO  - Choosing All Packages section...
11:07:08.636 [main] INFO  - Scrolling down till all packages are loaded...And capturing them...
11:07:51.005 [main] DEBUG - Parsing relationship: /xl/_rels/workbook.xml.rels
11:07:51.006 [main] DEBUG - Parsing relationship: /_rels/.rels
11:07:53.061 [main] DEBUG - Save content types part
11:07:53.062 [main] DEBUG - Save package relationships
11:07:53.063 [main] DEBUG - Save part 'docProps/app.xml'
11:07:53.063 [main] DEBUG - Save part 'docProps/core.xml'
11:07:53.064 [main] DEBUG - Save part 'xl/sharedStrings.xml'
11:07:53.065 [main] DEBUG - Save part 'xl/styles.xml'
11:07:53.065 [main] DEBUG - Save part 'xl/theme/theme1.xml'
11:07:53.065 [main] DEBUG - Save part 'xl/workbook.xml'
11:07:53.067 [main] DEBUG - Save part 'xl/worksheets/sheet1.xml'
11:07:53.067 [main] DEBUG - Save part 'xl/worksheets/sheet2.xml'
11:07:53.218 [main] INFO  - Navigating to HomePage...
11:08:12.659 [main] INFO  - Opening chrome browser...
11:08:14.924 [main] INFO  - Ad bypassed...
11:08:15.297 [main] INFO  - Navigating to GiftCards Page...
11:08:18.994 [main] INFO  - Selecting Occasions category...
11:08:19.288 [main] INFO  - Navigating to Staycation Giftcard Page...
11:08:21.245 [main] INFO  - Validating GiftCards page...
11:08:21.418 [main] INFO  - Entering amount - 3267 ...
11:08:21.705 [main] INFO  - Selecting Email button...
11:08:21.999 [main] INFO  - Increasing quantity 2 times...
11:08:22.263 [main] INFO  - Selecting Send to different recipients slider button...
11:08:22.526 [main] INFO  - Filling in recipient details - name1 : name2 ...
11:08:22.857 [main] INFO  - Filling in sender details - Vasco Da Gamer : 9876543210 : appleofeden ...
11:08:23.275 [main] INFO  - Validating the displayed details...
11:08:23.444 [main] INFO  - Filling in coupon - FUHREEE ...
11:08:23.692 [main] INFO  - Clicking BuyNow button...
11:08:23.943 [main] INFO  - Validating the error messages...
11:08:24.050 [main] DEBUG - Parsing relationship: /xl/_rels/workbook.xml.rels
11:08:24.051 [main] DEBUG - Parsing relationship: /xl/worksheets/_rels/sheet1.xml.rels
11:08:24.051 [main] DEBUG - Parsing relationship: /xl/worksheets/_rels/sheet2.xml.rels
11:08:24.051 [main] DEBUG - Parsing relationship: /xl/worksheets/_rels/sheet3.xml.rels
11:08:24.052 [main] DEBUG - Parsing relationship: /_rels/.rels
11:08:24.057 [main] DEBUG - using default POIXMLDocumentPart for http://schemas.openxmlformats.org/officeDocument/2006/relationships/printerSettings
11:08:24.057 [main] DEBUG - using default POIXMLDocumentPart for http://schemas.openxmlformats.org/officeDocument/2006/relationships/printerSettings
11:08:24.067 [main] TRACE - Resolving type for handle cthyperlinks6416type
11:08:24.070 [main] TRACE - Resolving type for handle cthyperlink0c85type
11:08:24.078 [main] DEBUG - Save content types part
11:08:24.079 [main] DEBUG - Save package relationships
11:08:24.082 [main] DEBUG - Save part 'docProps/app.xml'
11:08:24.082 [main] DEBUG - Save part 'docProps/core.xml'
11:08:24.084 [main] DEBUG - Save part 'xl/printerSettings/printerSettings1.bin'
11:08:24.084 [main] DEBUG - Save part 'xl/printerSettings/printerSettings2.bin'
11:08:24.085 [main] DEBUG - Save part 'xl/sharedStrings.xml'
11:08:24.085 [main] DEBUG - Save part 'xl/styles.xml'
11:08:24.085 [main] DEBUG - Save part 'xl/theme/theme1.xml'
11:08:24.085 [main] DEBUG - Save part 'xl/workbook.xml'
11:08:24.087 [main] DEBUG - Save part 'xl/worksheets/sheet1.xml'
11:08:24.089 [main] DEBUG - Save part 'xl/worksheets/sheet2.xml'
11:08:24.090 [main] DEBUG - Save part 'xl/worksheets/sheet3.xml'
11:08:33.131 [main] INFO  - Opening chrome browser...
11:08:35.408 [main] INFO  - Ad bypassed...
11:08:35.785 [main] INFO  - Navigating to GiftCards Page...
11:08:38.937 [main] INFO  - Selecting Occasions category...
11:08:39.197 [main] INFO  - Navigating to Staycation Giftcard Page...
11:08:41.597 [main] INFO  - Validating GiftCards page...
11:08:41.778 [main] INFO  - Entering amount - 20000 ...
11:08:42.102 [main] INFO  - Selecting Email button...
11:08:42.368 [main] INFO  - Increasing quantity 2 times...
11:08:42.632 [main] INFO  - Selecting Send to different recipients slider button...
11:08:42.910 [main] INFO  - Filling in recipient details - 987 : 345 ...
11:08:43.219 [main] INFO  - Filling in sender details - PolkaMan : 3242 : 123nji ...
11:08:43.594 [main] INFO  - Validating the displayed details...
11:08:43.791 [main] INFO  - Filling in coupon - polkapolka ...
11:08:44.068 [main] INFO  - Clicking BuyNow button...
11:08:44.318 [main] INFO  - Validating the error messages...
11:08:44.638 [main] DEBUG - Parsing relationship: /xl/_rels/workbook.xml.rels
11:08:44.639 [main] DEBUG - Parsing relationship: /xl/worksheets/_rels/sheet1.xml.rels
11:08:44.639 [main] DEBUG - Parsing relationship: /xl/worksheets/_rels/sheet2.xml.rels
11:08:44.639 [main] DEBUG - Parsing relationship: /xl/worksheets/_rels/sheet3.xml.rels
11:08:44.639 [main] DEBUG - Parsing relationship: /_rels/.rels
11:08:44.644 [main] DEBUG - using default POIXMLDocumentPart for http://schemas.openxmlformats.org/officeDocument/2006/relationships/printerSettings
11:08:44.644 [main] DEBUG - using default POIXMLDocumentPart for http://schemas.openxmlformats.org/officeDocument/2006/relationships/printerSettings
11:08:44.657 [main] DEBUG - Save content types part
11:08:44.659 [main] DEBUG - Save package relationships
11:08:44.659 [main] DEBUG - Save part 'docProps/app.xml'
11:08:44.659 [main] DEBUG - Save part 'docProps/core.xml'
11:08:44.660 [main] DEBUG - Save part 'xl/printerSettings/printerSettings1.bin'
11:08:44.660 [main] DEBUG - Save part 'xl/printerSettings/printerSettings2.bin'
11:08:44.661 [main] DEBUG - Save part 'xl/sharedStrings.xml'
11:08:44.661 [main] DEBUG - Save part 'xl/styles.xml'
11:08:44.661 [main] DEBUG - Save part 'xl/theme/theme1.xml'
11:08:44.661 [main] DEBUG - Save part 'xl/workbook.xml'
11:08:44.662 [main] DEBUG - Save part 'xl/worksheets/sheet1.xml'
11:08:44.663 [main] DEBUG - Save part 'xl/worksheets/sheet2.xml'
11:08:44.664 [main] DEBUG - Save part 'xl/worksheets/sheet3.xml'
11:08:54.086 [main] INFO  - Opening chrome browser...
11:08:56.083 [main] INFO  - Ad bypassed...
11:08:56.411 [main] INFO  - Navigating to GiftCards Page...
11:08:59.632 [main] INFO  - Selecting Occasions category...
11:08:59.911 [main] INFO  - Navigating to Staycation Giftcard Page...
11:09:02.804 [main] INFO  - Validating GiftCards page...
11:09:03.054 [main] INFO  - Entering amount - 5520 ...
11:09:03.547 [main] INFO  - Selecting Email button...
11:09:03.924 [main] INFO  - Increasing quantity 2 times...
11:09:04.272 [main] INFO  - Selecting Send to different recipients slider button...
11:09:04.693 [main] INFO  - Filling in recipient details - guy1 : guy2 ...
11:09:05.220 [main] INFO  - Filling in sender details - Jack Sparrow : 9753186420 : iladamuerte ...
11:09:05.921 [main] INFO  - Validating the displayed details...
11:09:06.159 [main] INFO  - Filling in coupon - KRAKEN ...
11:09:06.609 [main] INFO  - Clicking BuyNow button...
11:09:07.069 [main] INFO  - Validating the error messages...
11:09:07.230 [main] DEBUG - Parsing relationship: /xl/_rels/workbook.xml.rels
11:09:07.230 [main] DEBUG - Parsing relationship: /xl/worksheets/_rels/sheet1.xml.rels
11:09:07.231 [main] DEBUG - Parsing relationship: /xl/worksheets/_rels/sheet2.xml.rels
11:09:07.231 [main] DEBUG - Parsing relationship: /xl/worksheets/_rels/sheet3.xml.rels
11:09:07.232 [main] DEBUG - Parsing relationship: /_rels/.rels
11:09:07.241 [main] DEBUG - using default POIXMLDocumentPart for http://schemas.openxmlformats.org/officeDocument/2006/relationships/printerSettings
11:09:07.241 [main] DEBUG - using default POIXMLDocumentPart for http://schemas.openxmlformats.org/officeDocument/2006/relationships/printerSettings
11:09:07.267 [main] DEBUG - Save content types part
11:09:07.268 [main] DEBUG - Save package relationships
11:09:07.270 [main] DEBUG - Save part 'docProps/app.xml'
11:09:07.271 [main] DEBUG - Save part 'docProps/core.xml'
11:09:07.273 [main] DEBUG - Save part 'xl/printerSettings/printerSettings1.bin'
11:09:07.274 [main] DEBUG - Save part 'xl/printerSettings/printerSettings2.bin'
11:09:07.274 [main] DEBUG - Save part 'xl/sharedStrings.xml'
11:09:07.274 [main] DEBUG - Save part 'xl/styles.xml'
11:09:07.275 [main] DEBUG - Save part 'xl/theme/theme1.xml'
11:09:07.275 [main] DEBUG - Save part 'xl/workbook.xml'
11:09:07.278 [main] DEBUG - Save part 'xl/worksheets/sheet1.xml'
11:09:07.280 [main] DEBUG - Save part 'xl/worksheets/sheet2.xml'
11:09:07.281 [main] DEBUG - Save part 'xl/worksheets/sheet3.xml'
11:09:16.223 [main] INFO  - Opening chrome browser...
11:09:18.039 [main] INFO  - Ad bypassed...
11:09:18.392 [main] INFO  - Navigating to GiftCards Page...
11:09:21.699 [main] INFO  - Selecting Occasions category...
11:09:21.939 [main] INFO  - Navigating to Staycation Giftcard Page...
11:09:25.021 [main] INFO  - Validating GiftCards page...
11:09:25.209 [main] INFO  - Entering amount - 2000 ...
11:09:25.490 [main] INFO  - Selecting Email button...
11:09:25.780 [main] INFO  - Increasing quantity 2 times...
11:09:26.020 [main] INFO  - Selecting Send to different recipients slider button...
11:09:26.290 [main] INFO  - Filling in recipient details - name1@gmail.com : name2@gmail.com ...
11:09:26.696 [main] INFO  - Filling in sender details - Vasco Da Gamer : 9876543210 : appleofeden@gmail.com ...
11:09:27.139 [main] INFO  - Validating the displayed details...
11:09:27.315 [main] INFO  - Clicking BuyNow button...
11:09:27.570 [main] INFO  - Validating Payment Page...
11:09:31.255 [main] DEBUG - Parsing relationship: /xl/_rels/workbook.xml.rels
11:09:31.255 [main] DEBUG - Parsing relationship: /xl/worksheets/_rels/sheet1.xml.rels
11:09:31.255 [main] DEBUG - Parsing relationship: /xl/worksheets/_rels/sheet2.xml.rels
11:09:31.256 [main] DEBUG - Parsing relationship: /xl/worksheets/_rels/sheet3.xml.rels
11:09:31.256 [main] DEBUG - Parsing relationship: /_rels/.rels
11:09:31.260 [main] DEBUG - using default POIXMLDocumentPart for http://schemas.openxmlformats.org/officeDocument/2006/relationships/printerSettings
11:09:31.260 [main] DEBUG - using default POIXMLDocumentPart for http://schemas.openxmlformats.org/officeDocument/2006/relationships/printerSettings
11:09:31.275 [main] DEBUG - Save content types part
11:09:31.276 [main] DEBUG - Save package relationships
11:09:31.276 [main] DEBUG - Save part 'docProps/app.xml'
11:09:31.277 [main] DEBUG - Save part 'docProps/core.xml'
11:09:31.278 [main] DEBUG - Save part 'xl/printerSettings/printerSettings1.bin'
11:09:31.278 [main] DEBUG - Save part 'xl/printerSettings/printerSettings2.bin'
11:09:31.278 [main] DEBUG - Save part 'xl/sharedStrings.xml'
11:09:31.278 [main] DEBUG - Save part 'xl/styles.xml'
11:09:31.279 [main] DEBUG - Save part 'xl/theme/theme1.xml'
11:09:31.279 [main] DEBUG - Save part 'xl/workbook.xml'
11:09:31.280 [main] DEBUG - Save part 'xl/worksheets/sheet1.xml'
11:09:31.281 [main] DEBUG - Save part 'xl/worksheets/sheet2.xml'
11:09:31.281 [main] DEBUG - Save part 'xl/worksheets/sheet3.xml'
11:09:38.954 [main] INFO  - Opening chrome browser...
11:09:59.046 [main] INFO  - Ad not displayed...Moving forward...
11:09:59.325 [main] INFO  - Navigating to Cabs Page...
11:09:59.889 [main] INFO  - Filling in from and to locations- Delhi : Manali, Himachal Pradesh, India ...
11:10:04.576 [main] INFO  - Selecting departure - 23 and time - 6:30:PM details...
11:10:09.844 [main] INFO  - Clicking Search...
11:10:12.061 [main] INFO  - Selecting filter - SUV...
11:10:15.990 [main] INFO  - Capturing cab details with lowest charges...
11:10:16.056 [main] DEBUG - Parsing relationship: /xl/_rels/workbook.xml.rels
11:10:16.057 [main] DEBUG - Parsing relationship: /xl/worksheets/_rels/sheet1.xml.rels
11:10:16.057 [main] DEBUG - Parsing relationship: /xl/worksheets/_rels/sheet2.xml.rels
11:10:16.058 [main] DEBUG - Parsing relationship: /xl/worksheets/_rels/sheet3.xml.rels
11:10:16.058 [main] DEBUG - Parsing relationship: /_rels/.rels
11:10:16.068 [main] DEBUG - using default POIXMLDocumentPart for http://schemas.openxmlformats.org/officeDocument/2006/relationships/printerSettings
11:10:16.068 [main] DEBUG - using default POIXMLDocumentPart for http://schemas.openxmlformats.org/officeDocument/2006/relationships/printerSettings
11:10:16.157 [main] DEBUG - Save content types part
11:10:16.159 [main] DEBUG - Save package relationships
11:10:16.160 [main] DEBUG - Save part 'docProps/app.xml'
11:10:16.160 [main] DEBUG - Save part 'docProps/core.xml'
11:10:16.162 [main] DEBUG - Save part 'xl/printerSettings/printerSettings1.bin'
11:10:16.162 [main] DEBUG - Save part 'xl/printerSettings/printerSettings2.bin'
11:10:16.163 [main] DEBUG - Save part 'xl/sharedStrings.xml'
11:10:16.163 [main] DEBUG - Save part 'xl/styles.xml'
11:10:16.163 [main] DEBUG - Save part 'xl/theme/theme1.xml'
11:10:16.169 [main] DEBUG - Save part 'xl/workbook.xml'
11:10:16.173 [main] DEBUG - Save part 'xl/worksheets/sheet1.xml'
11:10:16.176 [main] DEBUG - Save part 'xl/worksheets/sheet2.xml'
11:10:16.179 [main] DEBUG - Save part 'xl/worksheets/sheet3.xml'
11:10:26.871 [main] INFO  - Opening chrome browser...
11:10:28.313 [main] INFO  - Ad bypassed...
11:10:28.703 [main] INFO  - Navigating to Cabs Page...
11:10:29.885 [main] INFO  - Filling in from and to locations- Hyderabad : Hosur, Tamil Nadu, India ...
11:10:33.580 [main] INFO  - Selecting departure - 15 and time - 7:40:AM details...
11:10:38.857 [main] INFO  - Clicking Search...
11:10:41.297 [main] INFO  - Selecting filter - SEDAN...
11:10:42.905 [main] INFO  - Capturing cab details with lowest charges...
11:10:42.977 [main] DEBUG - Parsing relationship: /xl/_rels/workbook.xml.rels
11:10:42.978 [main] DEBUG - Parsing relationship: /xl/worksheets/_rels/sheet1.xml.rels
11:10:42.979 [main] DEBUG - Parsing relationship: /xl/worksheets/_rels/sheet2.xml.rels
11:10:42.979 [main] DEBUG - Parsing relationship: /xl/worksheets/_rels/sheet3.xml.rels
11:10:42.980 [main] DEBUG - Parsing relationship: /_rels/.rels
11:10:42.988 [main] DEBUG - using default POIXMLDocumentPart for http://schemas.openxmlformats.org/officeDocument/2006/relationships/printerSettings
11:10:42.989 [main] DEBUG - using default POIXMLDocumentPart for http://schemas.openxmlformats.org/officeDocument/2006/relationships/printerSettings
11:10:43.098 [main] DEBUG - Save content types part
11:10:43.102 [main] DEBUG - Save package relationships
11:10:43.104 [main] DEBUG - Save part 'docProps/app.xml'
11:10:43.105 [main] DEBUG - Save part 'docProps/core.xml'
11:10:43.108 [main] DEBUG - Save part 'xl/printerSettings/printerSettings1.bin'
11:10:43.109 [main] DEBUG - Save part 'xl/printerSettings/printerSettings2.bin'
11:10:43.110 [main] DEBUG - Save part 'xl/sharedStrings.xml'
11:10:43.111 [main] DEBUG - Save part 'xl/styles.xml'
11:10:43.111 [main] DEBUG - Save part 'xl/theme/theme1.xml'
11:10:43.113 [main] DEBUG - Save part 'xl/workbook.xml'
11:10:43.116 [main] DEBUG - Save part 'xl/worksheets/sheet1.xml'
11:10:43.120 [main] DEBUG - Save part 'xl/worksheets/sheet2.xml'
11:10:43.123 [main] DEBUG - Save part 'xl/worksheets/sheet3.xml'
